<?xml version="1.0" encoding="UTF-8"?>
<!-- Generated by org.testng.reporters.JUnitXMLReporter -->
<testsuite hostname="Ganesh-PC" ignored="1" name="Test" tests="2" failures="0" timestamp="18 May 2017 11:28:04 GMT" time="0.081" errors="0">
  <testcase name="@BeforeSuite init" time="1.146" classname="DD_Core.Test_Core">
    <failure type="java.lang.IllegalStateException" message="The driver executable does not exist: D:\Java Toutorials\Automation_DDF_Learning\chromedriver.exe">
      <![CDATA[java.lang.IllegalStateException: The driver executable does not exist: D:\Java Toutorials\Automation_DDF_Learning\chromedriver.exe
	at com.google.common.base.Preconditions.checkState(Preconditions.java:197)
	at org.openqa.selenium.remote.service.DriverService.checkExecutable(DriverService.java:122)
	at org.openqa.selenium.remote.service.DriverService.findExecutable(DriverService.java:117)
	at org.openqa.selenium.chrome.ChromeDriverService.access$0(ChromeDriverService.java:1)
	at org.openqa.selenium.chrome.ChromeDriverService$Builder.findDefaultExecutable(ChromeDriverService.java:118)
	at org.openqa.selenium.remote.service.DriverService$Builder.build(DriverService.java:291)
	at org.openqa.selenium.chrome.ChromeDriverService.createDefaultService(ChromeDriverService.java:82)
	at org.openqa.selenium.chrome.ChromeDriver.<init>(ChromeDriver.java:117)
	at DD_Core.Test_Core.init(Test_Core.java:53)
... Removed 19 stack frames]]>
    </failure>
  </testcase> <!-- @BeforeSuite init -->
  <testcase name="@BeforeTest isSkip" time="0.0" classname="DD_Test.TC_001">
    <skipped/>
  </testcase> <!-- @BeforeTest isSkip -->
  <testcase name="@BeforeTest isSkip" time="0.0" classname="DD_Test.TC_002">
    <skipped/>
  </testcase> <!-- @BeforeTest isSkip -->
  <testcase name="google_Launch" time="0.001" classname="DD_Test.TC_001">
    <skipped/>
  </testcase> <!-- google_Launch -->
  <testcase name="google_Application" time="0.0" classname="DD_Test.TC_002">
    <skipped/>
  </testcase> <!-- google_Application -->
  <testcase name="@BeforeSuite init" time="0.0" classname="DD_Core.Test_Core">
    <ignored/>
  </testcase> <!-- @BeforeSuite init -->
</testsuite> <!-- Test -->
